<?xml version="1.0" encoding="UTF-8"?>
<testsuite name="MyBinaryTreeTest" tests="3" skipped="0" failures="0" errors="0" timestamp="2020-10-09T20:33:15" hostname="DESKTOP-SUEQ8AQ" time="0.01">
  <properties/>
  <testcase name="searchInBST" classname="MyBinaryTreeTest" time="0.003"/>
  <testcase name="sizeTest2" classname="MyBinaryTreeTest" time="0.0"/>
  <testcase name="sizeTest" classname="MyBinaryTreeTest" time="0.002"/>
  <system-out><![CDATA[]]></system-out>
  <system-err><![CDATA[]]></system-err>
</testsuite>
